<?xml version="1.0" encoding="UTF-8"?><testsuite errors="6" failures="0" name="in.reqres.reqresTest.ReqresCURDTestWithSteps" skipped="0" tests="6" time="18.41" timestamp="2022-06-07T21:46:38.563+01:00[Europe/London]"><testcase classname="in.reqres.reqresTest.ReqresCURDTestWithSteps" name="Verify that new user is added"><error message="parameterValue cannot be null" type="java.lang.IllegalArgumentException">parameterValue cannot be null</error><system-err>parameterValue cannot be null&#13;
io.restassured.internal.assertion.AssertParameter.notNull(AssertParameter.groovy:26)&#13;
io.restassured.internal.RequestSpecificationImpl.pathParameter(RequestSpecificationImpl.groovy:560)&#13;
groovy.lang.MetaMethod.doMethodInvoke(MetaMethod.java:325)&#13;
groovy.lang.MetaClassImpl.invokeMethod(MetaClassImpl.java:1213)&#13;
groovy.lang.MetaClassImpl.invokeMethod(MetaClassImpl.java:1022)&#13;
groovy.lang.MetaClassImpl.invokeMethod(MetaClassImpl.java:810)&#13;
io.restassured.internal.RequestSpecificationImpl.invokeMethod(RequestSpecificationImpl.groovy)&#13;
io.restassured.internal.RequestSpecificationImpl.pathParam(RequestSpecificationImpl.groovy:578)&#13;
net.serenitybdd.rest.decorators.request.RequestSpecificationParametersConfigurations.pathParam(RequestSpecificationParametersConfigurations.java:188)&#13;
net.serenitybdd.rest.decorators.request.RequestSpecificationDecorated.pathParam(RequestSpecificationDecorated.java:27)&#13;
in.reqres.info.ReqresSteps.getUserInfoByName(ReqresSteps.java:32)&#13;
in.reqres.reqresTest.ReqresCURDTestWithSteps.test002(ReqresCURDTestWithSteps.java:40)&#13;
</system-err></testcase><testcase classname="in.reqres.reqresTest.ReqresCURDTestWithSteps" name="This will login a user"><error message="Cannot invoke method hasCustomParserExcludingDefaultParser() on null object" type="java.lang.NullPointerException">Cannot invoke method hasCustomParserExcludingDefaultParser() on null object</error><system-err>Cannot invoke method hasCustomParserExcludingDefaultParser() on null object&#13;
io.restassured.internal.RestAssuredResponseOptionsGroovyImpl.findContentType(RestAssuredResponseOptionsGroovyImpl.groovy:484)&#13;
io.restassured.internal.RestAssuredResponseOptionsGroovyImpl.path(RestAssuredResponseOptionsGroovyImpl.groovy:391)&#13;
io.restassured.internal.RestAssuredResponseOptionsImpl.path(RestAssuredResponseOptionsImpl.java:200)&#13;
in.reqres.info.ReqresSteps.loginUser(ReqresSteps.java:55)&#13;
in.reqres.reqresTest.ReqresCURDTestWithSteps.test003(ReqresCURDTestWithSteps.java:48)&#13;
</system-err></testcase><testcase classname="in.reqres.reqresTest.ReqresCURDTestWithSteps" name="This will update a user by PUT"><error message="parameterValue cannot be null" type="java.lang.IllegalArgumentException">parameterValue cannot be null</error><system-err>parameterValue cannot be null&#13;
io.restassured.internal.assertion.AssertParameter.notNull(AssertParameter.groovy:26)&#13;
io.restassured.internal.RequestSpecificationImpl.pathParameter(RequestSpecificationImpl.groovy:560)&#13;
groovy.lang.MetaMethod.doMethodInvoke(MetaMethod.java:325)&#13;
groovy.lang.MetaClassImpl.invokeMethod(MetaClassImpl.java:1213)&#13;
groovy.lang.MetaClassImpl.invokeMethod(MetaClassImpl.java:1022)&#13;
groovy.lang.MetaClassImpl.invokeMethod(MetaClassImpl.java:810)&#13;
io.restassured.internal.RequestSpecificationImpl.invokeMethod(RequestSpecificationImpl.groovy)&#13;
io.restassured.internal.RequestSpecificationImpl.pathParam(RequestSpecificationImpl.groovy:578)&#13;
net.serenitybdd.rest.decorators.request.RequestSpecificationParametersConfigurations.pathParam(RequestSpecificationParametersConfigurations.java:188)&#13;
net.serenitybdd.rest.decorators.request.RequestSpecificationDecorated.pathParam(RequestSpecificationDecorated.java:27)&#13;
in.reqres.info.ReqresSteps.updateUserByPut(ReqresSteps.java:85)&#13;
in.reqres.reqresTest.ReqresCURDTestWithSteps.test004(ReqresCURDTestWithSteps.java:56)&#13;
</system-err></testcase><testcase classname="in.reqres.reqresTest.ReqresCURDTestWithSteps" name="This will update a user by Patch"><error message="parameterValue cannot be null" type="java.lang.IllegalArgumentException">parameterValue cannot be null</error><system-err>parameterValue cannot be null&#13;
io.restassured.internal.assertion.AssertParameter.notNull(AssertParameter.groovy:26)&#13;
io.restassured.internal.RequestSpecificationImpl.pathParameter(RequestSpecificationImpl.groovy:560)&#13;
groovy.lang.MetaMethod.doMethodInvoke(MetaMethod.java:325)&#13;
groovy.lang.MetaClassImpl.invokeMethod(MetaClassImpl.java:1213)&#13;
groovy.lang.MetaClassImpl.invokeMethod(MetaClassImpl.java:1022)&#13;
groovy.lang.MetaClassImpl.invokeMethod(MetaClassImpl.java:810)&#13;
io.restassured.internal.RequestSpecificationImpl.invokeMethod(RequestSpecificationImpl.groovy)&#13;
io.restassured.internal.RequestSpecificationImpl.pathParam(RequestSpecificationImpl.groovy:578)&#13;
net.serenitybdd.rest.decorators.request.RequestSpecificationParametersConfigurations.pathParam(RequestSpecificationParametersConfigurations.java:188)&#13;
net.serenitybdd.rest.decorators.request.RequestSpecificationDecorated.pathParam(RequestSpecificationDecorated.java:27)&#13;
in.reqres.info.ReqresSteps.updateUserByPatch(ReqresSteps.java:67)&#13;
in.reqres.reqresTest.ReqresCURDTestWithSteps.test005(ReqresCURDTestWithSteps.java:65)&#13;
</system-err></testcase><testcase classname="in.reqres.reqresTest.ReqresCURDTestWithSteps" name="This will update a user by Patch"><error message="Invalid number of path parameters. Expected 1, was 0. Undefined path parameters are: usersID." type="java.lang.IllegalArgumentException">Invalid number of path parameters. Expected 1, was 0. Undefined path parameters are: usersID.</error><system-err>Invalid number of path parameters. Expected 1, was 0. Undefined path parameters are: usersID.&#13;
io.restassured.internal.RequestSpecificationImpl.assertCorrectNumberOfPathParams(RequestSpecificationImpl.groovy:1336)&#13;
groovy.lang.MetaMethod.doMethodInvoke(MetaMethod.java:325)&#13;
groovy.lang.MetaClassImpl.invokeMethod(MetaClassImpl.java:1213)&#13;
groovy.lang.MetaClassImpl.invokeMethod(MetaClassImpl.java:1022)&#13;
groovy.lang.MetaClassImpl.invokeMethod(MetaClassImpl.java:810)&#13;
io.restassured.internal.RequestSpecificationImpl.invokeMethod(RequestSpecificationImpl.groovy)&#13;
io.restassured.internal.RequestSpecificationImpl.sendRequest(RequestSpecificationImpl.groovy:1223)&#13;
groovy.lang.MetaMethod.doMethodInvoke(MetaMethod.java:325)&#13;
groovy.lang.MetaClassImpl.invokeMethod(MetaClassImpl.java:1213)&#13;
groovy.lang.MetaClassImpl.invokeMethod(MetaClassImpl.java:1022)&#13;
groovy.lang.MetaClassImpl.invokeMethod(MetaClassImpl.java:810)&#13;
io.restassured.internal.RequestSpecificationImpl.invokeMethod(RequestSpecificationImpl.groovy)&#13;
io.restassured.internal.filter.SendRequestFilter.filter(SendRequestFilter.groovy:30)&#13;
io.restassured.internal.filter.FilterContextImpl.next(FilterContextImpl.groovy:72)&#13;
io.restassured.filter.time.TimingFilter.filter(TimingFilter.java:56)&#13;
io.restassured.internal.filter.FilterContextImpl.next(FilterContextImpl.groovy:72)&#13;
io.restassured.filter.log.RequestLoggingFilter.filter(RequestLoggingFilter.java:124)&#13;
io.restassured.internal.filter.FilterContextImpl.next(FilterContextImpl.groovy:72)&#13;
io.restassured.filter.log.RequestLoggingFilter.filter(RequestLoggingFilter.java:124)&#13;
net.serenitybdd.rest.filters.FieldsRecordingFilter.filter(FieldsRecordingFilter.java:40)&#13;
io.restassured.internal.filter.FilterContextImpl.next(FilterContextImpl.groovy:72)&#13;
io.restassured.filter.log.RequestLoggingFilter.filter(RequestLoggingFilter.java:124)&#13;
net.serenitybdd.rest.filters.FieldsRecordingFilter.filter(FieldsRecordingFilter.java:40)&#13;
io.restassured.internal.filter.FilterContextImpl.next(FilterContextImpl.groovy:72)&#13;
io.restassured.filter.log.RequestLoggingFilter.filter(RequestLoggingFilter.java:124)&#13;
net.serenitybdd.rest.filters.FieldsRecordingFilter.filter(FieldsRecordingFilter.java:40)&#13;
io.restassured.internal.filter.FilterContextImpl.next(FilterContextImpl.groovy:72)&#13;
io.restassured.filter.log.RequestLoggingFilter.filter(RequestLoggingFilter.java:124)&#13;
net.serenitybdd.rest.filters.FieldsRecordingFilter.filter(FieldsRecordingFilter.java:40)&#13;
io.restassured.internal.filter.FilterContextImpl.next(FilterContextImpl.groovy:72)&#13;
io.restassured.filter.log.RequestLoggingFilter.filter(RequestLoggingFilter.java:124)&#13;
net.serenitybdd.rest.filters.FieldsRecordingFilter.filter(FieldsRecordingFilter.java:40)&#13;
io.restassured.internal.filter.FilterContextImpl.next(FilterContextImpl.groovy:72)&#13;
io.restassured.filter.log.RequestLoggingFilter.filter(RequestLoggingFilter.java:124)&#13;
net.serenitybdd.rest.filters.FieldsRecordingFilter.filter(FieldsRecordingFilter.java:40)&#13;
io.restassured.internal.filter.FilterContextImpl.next(FilterContextImpl.groovy:72)&#13;
io.restassured.internal.RequestSpecificationImpl.applyPathParamsAndSendRequest(RequestSpecificationImpl.groovy:1722)&#13;
groovy.lang.MetaMethod.doMethodInvoke(MetaMethod.java:325)&#13;
groovy.lang.MetaClassImpl.invokeMethod(MetaClassImpl.java:1213)&#13;
groovy.lang.MetaClassImpl.invokeMethod(MetaClassImpl.java:1022)&#13;
groovy.lang.MetaClassImpl.invokeMethod(MetaClassImpl.java:810)&#13;
io.restassured.internal.RequestSpecificationImpl.invokeMethod(RequestSpecificationImpl.groovy)&#13;
io.restassured.internal.RequestSpecificationImpl.applyPathParamsAndSendRequest(RequestSpecificationImpl.groovy:1728)&#13;
groovy.lang.MetaMethod.doMethodInvoke(MetaMethod.java:325)&#13;
groovy.lang.MetaClassImpl.invokeMethod(MetaClassImpl.java:1213)&#13;
groovy.lang.MetaClassImpl.invokeMethod(MetaClassImpl.java:1022)&#13;
groovy.lang.MetaClassImpl.invokeMethod(MetaClassImpl.java:810)&#13;
io.restassured.internal.RequestSpecificationImpl.invokeMethod(RequestSpecificationImpl.groovy)&#13;
io.restassured.internal.RequestSpecificationImpl.delete(RequestSpecificationImpl.groovy:180)&#13;
net.serenitybdd.rest.decorators.request.RequestSpecificationDecorated.execute(RequestSpecificationDecorated.java:230)&#13;
net.serenitybdd.rest.decorators.request.RequestSpecificationDecorated.delete(RequestSpecificationDecorated.java:131)&#13;
net.serenitybdd.rest.decorators.request.RequestSpecificationDecorated.delete(RequestSpecificationDecorated.java:27)&#13;
in.reqres.info.ReqresSteps.deleteUser(ReqresSteps.java:96)&#13;
in.reqres.reqresTest.ReqresCURDTestWithSteps.test006(ReqresCURDTestWithSteps.java:72)&#13;
</system-err></testcase><testcase classname="in.reqres.reqresTest.ReqresCURDTestWithSteps" name="This will create a new user"><error message="Invalid number of path parameters. Expected 1, was 0. Undefined path parameters are: usersID." type="java.lang.IllegalArgumentException">Invalid number of path parameters. Expected 1, was 0. Undefined path parameters are: usersID.</error><system-err>Invalid number of path parameters. Expected 1, was 0. Undefined path parameters are: usersID.&#13;
io.restassured.internal.RequestSpecificationImpl.assertCorrectNumberOfPathParams(RequestSpecificationImpl.groovy:1336)&#13;
groovy.lang.MetaMethod.doMethodInvoke(MetaMethod.java:325)&#13;
groovy.lang.MetaClassImpl.invokeMethod(MetaClassImpl.java:1213)&#13;
groovy.lang.MetaClassImpl.invokeMethod(MetaClassImpl.java:1022)&#13;
groovy.lang.MetaClassImpl.invokeMethod(MetaClassImpl.java:810)&#13;
io.restassured.internal.RequestSpecificationImpl.invokeMethod(RequestSpecificationImpl.groovy)&#13;
io.restassured.internal.RequestSpecificationImpl.sendRequest(RequestSpecificationImpl.groovy:1223)&#13;
groovy.lang.MetaMethod.doMethodInvoke(MetaMethod.java:325)&#13;
groovy.lang.MetaClassImpl.invokeMethod(MetaClassImpl.java:1213)&#13;
groovy.lang.MetaClassImpl.invokeMethod(MetaClassImpl.java:1022)&#13;
groovy.lang.MetaClassImpl.invokeMethod(MetaClassImpl.java:810)&#13;
io.restassured.internal.RequestSpecificationImpl.invokeMethod(RequestSpecificationImpl.groovy)&#13;
io.restassured.internal.filter.SendRequestFilter.filter(SendRequestFilter.groovy:30)&#13;
io.restassured.internal.filter.FilterContextImpl.next(FilterContextImpl.groovy:72)&#13;
io.restassured.filter.time.TimingFilter.filter(TimingFilter.java:56)&#13;
io.restassured.internal.filter.FilterContextImpl.next(FilterContextImpl.groovy:72)&#13;
io.restassured.filter.log.RequestLoggingFilter.filter(RequestLoggingFilter.java:124)&#13;
io.restassured.internal.filter.FilterContextImpl.next(FilterContextImpl.groovy:72)&#13;
io.restassured.filter.log.RequestLoggingFilter.filter(RequestLoggingFilter.java:124)&#13;
net.serenitybdd.rest.filters.FieldsRecordingFilter.filter(FieldsRecordingFilter.java:40)&#13;
io.restassured.internal.filter.FilterContextImpl.next(FilterContextImpl.groovy:72)&#13;
io.restassured.filter.log.RequestLoggingFilter.filter(RequestLoggingFilter.java:124)&#13;
net.serenitybdd.rest.filters.FieldsRecordingFilter.filter(FieldsRecordingFilter.java:40)&#13;
io.restassured.internal.filter.FilterContextImpl.next(FilterContextImpl.groovy:72)&#13;
io.restassured.filter.log.RequestLoggingFilter.filter(RequestLoggingFilter.java:124)&#13;
net.serenitybdd.rest.filters.FieldsRecordingFilter.filter(FieldsRecordingFilter.java:40)&#13;
io.restassured.internal.filter.FilterContextImpl.next(FilterContextImpl.groovy:72)&#13;
io.restassured.filter.log.RequestLoggingFilter.filter(RequestLoggingFilter.java:124)&#13;
net.serenitybdd.rest.filters.FieldsRecordingFilter.filter(FieldsRecordingFilter.java:40)&#13;
io.restassured.internal.filter.FilterContextImpl.next(FilterContextImpl.groovy:72)&#13;
io.restassured.filter.log.RequestLoggingFilter.filter(RequestLoggingFilter.java:124)&#13;
net.serenitybdd.rest.filters.FieldsRecordingFilter.filter(FieldsRecordingFilter.java:40)&#13;
io.restassured.internal.filter.FilterContextImpl.next(FilterContextImpl.groovy:72)&#13;
io.restassured.filter.log.RequestLoggingFilter.filter(RequestLoggingFilter.java:124)&#13;
net.serenitybdd.rest.filters.FieldsRecordingFilter.filter(FieldsRecordingFilter.java:40)&#13;
io.restassured.internal.filter.FilterContextImpl.next(FilterContextImpl.groovy:72)&#13;
io.restassured.internal.RequestSpecificationImpl.applyPathParamsAndSendRequest(RequestSpecificationImpl.groovy:1722)&#13;
groovy.lang.MetaMethod.doMethodInvoke(MetaMethod.java:325)&#13;
groovy.lang.MetaClassImpl.invokeMethod(MetaClassImpl.java:1213)&#13;
groovy.lang.MetaClassImpl.invokeMethod(MetaClassImpl.java:1022)&#13;
groovy.lang.MetaClassImpl.invokeMethod(MetaClassImpl.java:810)&#13;
io.restassured.internal.RequestSpecificationImpl.invokeMethod(RequestSpecificationImpl.groovy)&#13;
io.restassured.internal.RequestSpecificationImpl.applyPathParamsAndSendRequest(RequestSpecificationImpl.groovy:1728)&#13;
groovy.lang.MetaMethod.doMethodInvoke(MetaMethod.java:325)&#13;
groovy.lang.MetaClassImpl.invokeMethod(MetaClassImpl.java:1213)&#13;
groovy.lang.MetaClassImpl.invokeMethod(MetaClassImpl.java:1022)&#13;
groovy.lang.MetaClassImpl.invokeMethod(MetaClassImpl.java:810)&#13;
io.restassured.internal.RequestSpecificationImpl.invokeMethod(RequestSpecificationImpl.groovy)&#13;
io.restassured.internal.RequestSpecificationImpl.post(RequestSpecificationImpl.groovy:172)&#13;
net.serenitybdd.rest.decorators.request.RequestSpecificationDecorated.execute(RequestSpecificationDecorated.java:224)&#13;
net.serenitybdd.rest.decorators.request.RequestSpecificationDecorated.post(RequestSpecificationDecorated.java:74)&#13;
net.serenitybdd.rest.decorators.request.RequestSpecificationDecorated.post(RequestSpecificationDecorated.java:27)&#13;
in.reqres.info.ReqresSteps.createUser(ReqresSteps.java:22)&#13;
in.reqres.reqresTest.ReqresCURDTestWithSteps.test01(ReqresCURDTestWithSteps.java:33)&#13;
</system-err></testcase></testsuite>